<!DOCTYPE html PUBLIC "-//W3C//DTD XHTML 1.1//EN" "http://www.w3.org/TR/xhtml11/DTD/xhtml11.dtd">
<html xmlns="http://www.w3.org/1999/xhtml">
<head>
<meta http-equiv="content-type" content="text/html; charset=UTF-8"/>
<title>TestNG Report</title>
<style type="text/css">table {margin-bottom:10px;border-collapse:collapse;empty-cells:show}th,td {border:1px solid #009;padding:.25em .5em}th {vertical-align:bottom}td {vertical-align:top}table a {font-weight:bold}.stripe td {background-color: #E6EBF9}.num {text-align:right}.passedodd td {background-color: #3F3}.passedeven td {background-color: #0A0}.skippedodd td {background-color: #DDD}.skippedeven td {background-color: #CCC}.failedodd td,.attn {background-color: #F33}.failedeven td,.stripe .attn {background-color: #D00}.stacktrace {white-space:pre;font-family:monospace}.totop {font-size:85%;text-align:center;border-bottom:2px solid #000}.invisible {display:none}</style>
</head>
<body>
<table>
<tr><th>Test</th><th># Passed</th><th># Skipped</th><th># Failed</th><th>Time (ms)</th><th>Included Groups</th><th>Excluded Groups</th></tr>
<tr><th colspan="7">My suite</th></tr>
<tr><th colspan="7">Portfolio</th></tr>
<tr><td><a href="#t0">LoginTest</a></td><td class="num">0</td><td class="num attn">4</td><td class="num">0</td><td class="num">776</td><td></td><td></td></tr>
<tr class="stripe"><td><a href="#t1">Least Pe rAssetTest</a></td><td class="num">0</td><td class="num attn">1</td><td class="num">0</td><td class="num">96</td><td></td><td></td></tr>
<tr><th colspan="7">Stock</th></tr>
<tr><td><a href="#t2">AddStock</a></td><td class="num">1</td><td class="num attn">2</td><td class="num">0</td><td class="num">51,074</td><td></td><td></td></tr>
<tr><th>Total</th><th class="num">1</th><th class="num attn">7</th><th class="num">0</th><th class="num">51,946</th><th colspan="2"></th></tr>
</table>
<table id='summary'><thead><tr><th>Class</th><th>Method</th><th>Start</th><th>Time (ms)</th></tr></thead><tbody><tr><th colspan="4">My suite</th></tr></tbody><tbody><tr><th colspan="4">Portfolio</th></tr></tbody><tbody id="t0"><tr><th colspan="4">LoginTest &#8212; skipped</th></tr><tr class="skippedeven"><td rowspan="4">com.selenium.framework.datadriven.Portfolio.LoginTest</td><td><a href="#m0">loginTest</a></td><td rowspan="4">1545750351108</td><td rowspan="4">77</td></tr><tr class="skippedeven"><td><a href="#m1">loginTest</a></td></tr><tr class="skippedeven"><td><a href="#m2">loginTest</a></td></tr><tr class="skippedeven"><td><a href="#m3">loginTest</a></td></tr></tbody>
<tbody id="t1"><tr><th colspan="4">Least Pe rAssetTest &#8212; skipped</th></tr><tr class="skippedeven"><td rowspan="1">com.selenium.framework.datadriven.Portfolio.LeastPerAssetTest</td><td><a href="#m4">leastPerAssetTest</a></td><td rowspan="1">1545750351453</td><td rowspan="1">51</td></tr></tbody>
<tbody><tr><th colspan="4">Stock</th></tr></tbody><tbody id="t2"><tr><th colspan="4">AddStock &#8212; skipped</th></tr><tr class="skippedeven"><td rowspan="2">com.selenium.framework.datadriven.StockSuite.AddStock</td><td><a href="#m5">AddStock</a></td><td rowspan="2">1545750403277</td><td rowspan="2">43</td></tr><tr class="skippedeven"><td><a href="#m6">AddStock</a></td></tr><tr><th colspan="4">AddStock &#8212; passed</th></tr><tr class="passedeven"><td rowspan="1">com.selenium.framework.datadriven.StockSuite.AddStock</td><td><a href="#m7">AddStock</a></td><td rowspan="1">1545750352345</td><td rowspan="1">50203</td></tr></tbody>
</table>
<h2>LoginTest</h2><h3 id="m0">com.selenium.framework.datadriven.Portfolio.LoginTest#loginTest</h3><table class="result"><tr class="param"><th>Parameter #1</th></tr><tr class="param stripe"><td>{ExpectedResult=Success, Password=C13, Runmode=N, UserName=C12, Browser=Mozilla, Result=}</td></tr><tr><th>Exception</th></tr><tr><td><div class="stacktrace">org.testng.SkipException: Skipping the test LoginTest inside the suite PortFolioTest
	at com.selenium.framework.datadriven.TestBase.validateRunmodes(TestBase.java:84)
	at com.selenium.framework.datadriven.Portfolio.LoginTest.loginTest(LoginTest.java:30)
... Removed 26 stack frames</div></td></tr></table><p class="totop"><a href="#summary">back to summary</a></p>
<h3 id="m1">com.selenium.framework.datadriven.Portfolio.LoginTest#loginTest</h3><table class="result"><tr class="param"><th>Parameter #1</th></tr><tr class="param stripe"><td>{ExpectedResult=Success, Password=Pass#123, Runmode=Y, UserName=rabindrabiswal404@gmail.com, Browser=Chrome, Result=}</td></tr><tr><th>Exception</th></tr><tr><td><div class="stacktrace">org.testng.SkipException: Skipping the test LoginTest inside the suite PortFolioTest
	at com.selenium.framework.datadriven.TestBase.validateRunmodes(TestBase.java:84)
	at com.selenium.framework.datadriven.Portfolio.LoginTest.loginTest(LoginTest.java:30)
... Removed 26 stack frames</div></td></tr></table><p class="totop"><a href="#summary">back to summary</a></p>
<h3 id="m2">com.selenium.framework.datadriven.Portfolio.LoginTest#loginTest</h3><table class="result"><tr class="param"><th>Parameter #1</th></tr><tr class="param stripe"><td>{ExpectedResult=Success, Password=C33, Runmode=N, UserName=C32, Browser=IE, Result=}</td></tr><tr><th>Exception</th></tr><tr><td><div class="stacktrace">org.testng.SkipException: Skipping the test LoginTest inside the suite PortFolioTest
	at com.selenium.framework.datadriven.TestBase.validateRunmodes(TestBase.java:84)
	at com.selenium.framework.datadriven.Portfolio.LoginTest.loginTest(LoginTest.java:30)
... Removed 26 stack frames</div></td></tr></table><p class="totop"><a href="#summary">back to summary</a></p>
<h3 id="m3">com.selenium.framework.datadriven.Portfolio.LoginTest#loginTest</h3><table class="result"><tr class="param"><th>Parameter #1</th></tr><tr class="param stripe"><td>{ExpectedResult=Failure, Password=C43, Runmode=N, UserName=C42, Browser=Edge, Result=}</td></tr><tr><th>Exception</th></tr><tr><td><div class="stacktrace">org.testng.SkipException: Skipping the test LoginTest inside the suite PortFolioTest
	at com.selenium.framework.datadriven.TestBase.validateRunmodes(TestBase.java:84)
	at com.selenium.framework.datadriven.Portfolio.LoginTest.loginTest(LoginTest.java:30)
... Removed 26 stack frames</div></td></tr></table><p class="totop"><a href="#summary">back to summary</a></p>
<h2>Least Pe rAssetTest</h2><h3 id="m4">com.selenium.framework.datadriven.Portfolio.LeastPerAssetTest#leastPerAssetTest</h3><table class="result"><tr class="param"><th>Parameter #1</th></tr><tr class="param stripe"><td>{Runmode=Y, Browser=Chrome, Result=}</td></tr><tr><th>Exception</th></tr><tr><td><div class="stacktrace">org.testng.SkipException: Skipping the test LeastPerAssetTest inside the suite PortFolioTest
	at com.selenium.framework.datadriven.TestBase.validateRunmodes(TestBase.java:84)
	at com.selenium.framework.datadriven.Portfolio.LeastPerAssetTest.leastPerAssetTest(LeastPerAssetTest.java:23)
... Removed 26 stack frames</div></td></tr></table><p class="totop"><a href="#summary">back to summary</a></p>
<h2>AddStock</h2><h3 id="m5">com.selenium.framework.datadriven.StockSuite.AddStock#AddStock</h3><table class="result"><tr class="param"><th>Parameter #1</th></tr><tr class="param stripe"><td>{Price=150, Runmode=N, Stock Name=Tata Consultancy Services Ltd., Quantity=11, PurchaseDate=10/12/2015, Browser=Chrome, Result=}</td></tr><tr><th>Exception</th></tr><tr><td><div class="stacktrace">org.testng.SkipException: Skipping the test AddStock inside the suite StockSuiteTest
	at com.selenium.framework.datadriven.TestBase.validateRunmodes(TestBase.java:84)
	at com.selenium.framework.datadriven.StockSuite.AddStock.AddStock(AddStock.java:31)
... Removed 26 stack frames</div></td></tr></table><p class="totop"><a href="#summary">back to summary</a></p>
<h3 id="m6">com.selenium.framework.datadriven.StockSuite.AddStock#AddStock</h3><table class="result"><tr class="param"><th>Parameter #1</th></tr><tr class="param stripe"><td>{Price=300, Runmode=N, Stock Name=NTPC Ltd., Quantity=12, PurchaseDate=10/12/2016, Browser=Chrome, Result=}</td></tr><tr><th>Exception</th></tr><tr><td><div class="stacktrace">org.testng.SkipException: Skipping the test AddStock inside the suite StockSuiteTest
	at com.selenium.framework.datadriven.TestBase.validateRunmodes(TestBase.java:84)
	at com.selenium.framework.datadriven.StockSuite.AddStock.AddStock(AddStock.java:31)
... Removed 26 stack frames</div></td></tr></table><p class="totop"><a href="#summary">back to summary</a></p>
<h3 id="m7">com.selenium.framework.datadriven.StockSuite.AddStock#AddStock</h3><table class="result"><tr class="param"><th>Parameter #1</th></tr><tr class="param stripe"><td>{Price=100, Runmode=Y, Stock Name=HDFC Bank Ltd., Quantity=10, PurchaseDate=10/12/2014, Browser=Chrome, Result=}</td></tr></table><p class="totop"><a href="#summary">back to summary</a></p>
</body>
</html>
